Using pre-set license
Built from '2022.3/staging' branch; Version is '2022.3.17f1 (4fc78088f837) revision 5228416'; Using compiler version '192829333'; Build Type 'Release'
OS: 'Windows 10  (10.0.19045) 64bit Professional' Language: 'zh' Physical Memory: 32544 MB
BatchMode: 1, IsHumanControllingUs: 0, StartBugReporterOnCrash: 0, Is64bit: 1, IsPro: 1

COMMAND LINE ARGUMENTS:
C:\Program Files\Unity\Hub\Editor\2022.3.17f1\Editor\Unity.exe
-adb2
-batchMode
-noUpm
-name
AssetImportWorker0
-projectPath
D:/Edrive/unity_projce/second_RPG4
-logFile
Logs/AssetImportWorker0.log
-srvPort
63430
Successfully changed project path to: D:/Edrive/unity_projce/second_RPG4
D:/Edrive/unity_projce/second_RPG4
[UnityMemory] Configuration Parameters - Can be set up in boot.config
    "memorysetup-bucket-allocator-granularity=16"
    "memorysetup-bucket-allocator-bucket-count=8"
    "memorysetup-bucket-allocator-block-size=33554432"
    "memorysetup-bucket-allocator-block-count=8"
    "memorysetup-main-allocator-block-size=16777216"
    "memorysetup-thread-allocator-block-size=16777216"
    "memorysetup-gfx-main-allocator-block-size=16777216"
    "memorysetup-gfx-thread-allocator-block-size=16777216"
    "memorysetup-cache-allocator-block-size=4194304"
    "memorysetup-typetree-allocator-block-size=2097152"
    "memorysetup-profiler-bucket-allocator-granularity=16"
    "memorysetup-profiler-bucket-allocator-bucket-count=8"
    "memorysetup-profiler-bucket-allocator-block-size=33554432"
    "memorysetup-profiler-bucket-allocator-block-count=8"
    "memorysetup-profiler-allocator-block-size=16777216"
    "memorysetup-profiler-editor-allocator-block-size=1048576"
    "memorysetup-temp-allocator-size-main=16777216"
    "memorysetup-job-temp-allocator-block-size=2097152"
    "memorysetup-job-temp-allocator-block-size-background=1048576"
    "memorysetup-job-temp-allocator-reduction-small-platforms=262144"
    "memorysetup-allocator-temp-initial-block-size-main=262144"
    "memorysetup-allocator-temp-initial-block-size-worker=262144"
    "memorysetup-temp-allocator-size-background-worker=32768"
    "memorysetup-temp-allocator-size-job-worker=262144"
    "memorysetup-temp-allocator-size-preload-manager=33554432"
    "memorysetup-temp-allocator-size-nav-mesh-worker=65536"
    "memorysetup-temp-allocator-size-audio-worker=65536"
    "memorysetup-temp-allocator-size-cloud-worker=32768"
    "memorysetup-temp-allocator-size-gi-baking-worker=262144"
    "memorysetup-temp-allocator-size-gfx=262144"
Player connection [32832] Host "[IP] 10.33.99.22 [Port] 0 [Flags] 2 [Guid] 142843894 [EditorId] 142843894 [Version] 1048832 [Id] WindowsEditor(7,v_joelsong-PC4) [Debug] 1 [PackageName] WindowsEditor [ProjectName] Editor" joined multi-casting on [225.0.0.222:54997]...

Player connection [32832] Host "[IP] 10.33.99.22 [Port] 0 [Flags] 2 [Guid] 142843894 [EditorId] 142843894 [Version] 1048832 [Id] WindowsEditor(7,v_joelsong-PC4) [Debug] 1 [PackageName] WindowsEditor [ProjectName] Editor" joined alternative multi-casting on [225.0.0.222:34997]...

[Physics::Module] Initialized MultithreadedJobDispatcher with 15 workers.
Refreshing native plugins compatible for Editor in 8.34 ms, found 3 plugins.
Preloading 0 native plugins for Editor in 0.00 ms.
Initialize engine version: 2022.3.17f1 (4fc78088f837)
[Subsystems] Discovering subsystems at path C:/Program Files/Unity/Hub/Editor/2022.3.17f1/Editor/Data/Resources/UnitySubsystems
[Subsystems] Discovering subsystems at path D:/Edrive/unity_projce/second_RPG4/Assets
GfxDevice: creating device client; threaded=0; jobified=0
Direct3D:
    Version:  Direct3D 11.0 [level 11.1]
    Renderer: Intel(R) UHD Graphics 630 (ID=0x9bc5)
    Vendor:   Intel
    VRAM:     16272 MB
    Driver:   31.0.101.2127
Initialize mono
Mono path[0] = 'C:/Program Files/Unity/Hub/Editor/2022.3.17f1/Editor/Data/Managed'
Mono path[1] = 'C:/Program Files/Unity/Hub/Editor/2022.3.17f1/Editor/Data/MonoBleedingEdge/lib/mono/unityjit-win32'
Mono config path = 'C:/Program Files/Unity/Hub/Editor/2022.3.17f1/Editor/Data/MonoBleedingEdge/etc'
Using monoOptions --debugger-agent=transport=dt_socket,embedding=1,server=y,suspend=n,address=127.0.0.1:56748
Begin MonoManager ReloadAssembly
Registering precompiled unity dll's ...
Register platform support module: C:/Program Files/Unity/Hub/Editor/2022.3.17f1/Editor/Data/PlaybackEngines/WebGLSupport/UnityEditor.WebGL.Extensions.dll
Register platform support module: C:/Program Files/Unity/Hub/Editor/2022.3.17f1/Editor/Data/PlaybackEngines/WindowsStandaloneSupport/UnityEditor.WindowsStandalone.Extensions.dll
Registered in 0.017097 seconds.
- Loaded All Assemblies, in  0.476 seconds
Native extension for WindowsStandalone target not found
Native extension for WebGL target not found
Mono: successfully reloaded assembly
- Finished resetting the current domain, in  0.307 seconds
Domain Reload Profiling: 773ms
	BeginReloadAssembly (148ms)
		ExecutionOrderSort (0ms)
		DisableScriptedObjects (0ms)
		BackupInstance (0ms)
		ReleaseScriptingObjects (0ms)
		CreateAndSetChildDomain (1ms)
	RebuildCommonClasses (38ms)
	RebuildNativeTypeToScriptingClass (13ms)
	initialDomainReloadingComplete (92ms)
	LoadAllAssembliesAndSetupDomain (175ms)
		LoadAssemblies (139ms)
		RebuildTransferFunctionScriptingTraits (0ms)
		AnalyzeDomain (172ms)
			TypeCache.Refresh (171ms)
				TypeCache.ScanAssembly (155ms)
			ScanForSourceGeneratedMonoScriptInfo (0ms)
			ResolveRequiredComponents (1ms)
	FinalizeReload (307ms)
		ReleaseScriptCaches (0ms)
		RebuildScriptCaches (0ms)
		SetupLoadedEditorAssemblies (242ms)
			LogAssemblyErrors (0ms)
			InitializePlatformSupportModulesInManaged (13ms)
			SetLoadedEditorAssemblies (11ms)
			RefreshPlugins (0ms)
			BeforeProcessingInitializeOnLoad (3ms)
			ProcessInitializeOnLoadAttributes (160ms)
			ProcessInitializeOnLoadMethodAttributes (55ms)
			AfterProcessingInitializeOnLoad (0ms)
			EditorAssembliesLoaded (0ms)
		ExecutionOrderSort2 (0ms)
		AwakeInstancesAfterBackupRestoration (0ms)
========================================================================
Worker process is ready to serve import requests
Begin MonoManager ReloadAssembly
- Loaded All Assemblies, in  0.769 seconds
Refreshing native plugins compatible for Editor in 3.53 ms, found 3 plugins.
Native extension for WindowsStandalone target not found
Native extension for WebGL target not found
Package Manager log level set to [2]
[Package Manager] Server::EnsureServerProcessIsRunning -- launch failed, reason: Unity was launched with the -noUpm command-line argument
[Package Manager] UpmClient::Send -- Unable to send message (not connected to UPM process).
[Package Manager] Cannot connect to Unity Package Manager local server
Mono: successfully reloaded assembly
- Finished resetting the current domain, in  0.673 seconds
Domain Reload Profiling: 1432ms
	BeginReloadAssembly (182ms)
		ExecutionOrderSort (0ms)
		DisableScriptedObjects (7ms)
		BackupInstance (0ms)
		ReleaseScriptingObjects (0ms)
		CreateAndSetChildDomain (23ms)
	RebuildCommonClasses (41ms)
	RebuildNativeTypeToScriptingClass (18ms)
	initialDomainReloadingComplete (64ms)
	LoadAllAssembliesAndSetupDomain (454ms)
		LoadAssemblies (368ms)
		RebuildTransferFunctionScriptingTraits (0ms)
		AnalyzeDomain (194ms)
			TypeCache.Refresh (172ms)
				TypeCache.ScanAssembly (155ms)
			ScanForSourceGeneratedMonoScriptInfo (16ms)
			ResolveRequiredComponents (4ms)
	FinalizeReload (674ms)
		ReleaseScriptCaches (0ms)
		RebuildScriptCaches (0ms)
		SetupLoadedEditorAssemblies (497ms)
			LogAssemblyErrors (0ms)
			InitializePlatformSupportModulesInManaged (10ms)
			SetLoadedEditorAssemblies (5ms)
			RefreshPlugins (0ms)
			BeforeProcessingInitializeOnLoad (81ms)
			ProcessInitializeOnLoadAttributes (352ms)
			ProcessInitializeOnLoadMethodAttributes (24ms)
			AfterProcessingInitializeOnLoad (25ms)
			EditorAssembliesLoaded (0ms)
		ExecutionOrderSort2 (0ms)
		AwakeInstancesAfterBackupRestoration (13ms)
Launched and connected shader compiler UnityShaderCompiler.exe after 0.26 seconds
Refreshing native plugins compatible for Editor in 5.06 ms, found 3 plugins.
Preloading 0 native plugins for Editor in 0.00 ms.
Unloading 3094 Unused Serialized files (Serialized files now loaded: 0)
Unloading 32 unused Assets / (56.9 KB). Loaded Objects now: 3555.
Memory consumption went from 127.2 MB to 127.2 MB.
Total: 5.028000 ms (FindLiveObjects: 0.362700 ms CreateObjectMapping: 0.339100 ms MarkObjects: 4.161200 ms  DeleteObjects: 0.163400 ms)

AssetImportParameters requested are different than current active one (requested -> active):
  custom:container-demuxer-ogg: 62fdf1f143b41e24485cea50d1cbac27 -> 
  custom:video-decoder-ogg-theora: a1e56fd34408186e4bbccfd4996cb3dc -> 
  custom:framework-win-MediaFoundation: 216162199b28c13a410421893ffa2e32 -> 
  custom:CustomObjectIndexerAttribute: 6d391050e5a25f67b0a2c618074f2cd9 -> 
  custom:container-demuxer-webm: 4f35f7cbe854078d1ac9338744f61a02 -> 
  custom:container-muxer-webm: aa71ff27fc2769a1b78a27578f13a17b -> 
  custom:video-decoder-webm-vp8: 9c59270c3fd7afecdb556c50c9e8de78 -> 
  custom:SearchIndexIgnoredProperties: e643bd26f0fe6173181afceb89e7c659 -> 
  custom:AudioImporter_EditorPlatform: d09bf68614088b80899f8185d706f6e7 -> 
  custom:video-encoder-webm-vp8: eb34c28f22e8b96e1ab97ce403110664 -> 
  custom:audio-decoder-ogg-vorbis: bf7c407c2cedff20999df2af8eb42d56 -> 
  custom:audio-encoder-webm-vorbis: bf7c407c2cedff20999df2af8eb42d56 -> 
========================================================================
Received Import Request.
  Time since last request: 26009.819990 seconds.
  path: Assets/polyperfect/Poly Halloween/- Demo Scenes/Terrain/terrain-dirt-layer.terrainlayer
  artifactKey: Guid(2ff5d598b6f42fe43ac7174836a512be) Importer(815301076,1909f56bfc062723c751e8b465ee728b)
Start importing Assets/polyperfect/Poly Halloween/- Demo Scenes/Terrain/terrain-dirt-layer.terrainlayer using Guid(2ff5d598b6f42fe43ac7174836a512be) Importer(815301076,1909f56bfc062723c751e8b465ee728b)  -> (artifact id: 'bba02c0b28dc2b11d0a9bae09ce80247') in 0.101809 seconds
Number of updated asset objects reloaded before import = 0
Number of asset objects unloaded after import = 4
========================================================================
Received Import Request.
  Time since last request: 0.000036 seconds.
  path: Assets/polyperfect/Poly Halloween/- Materials/Skybox-night.mat
  artifactKey: Guid(c9ec6e8fde1426847a863e9ea1b54790) Importer(815301076,1909f56bfc062723c751e8b465ee728b)
Start importing Assets/polyperfect/Poly Halloween/- Materials/Skybox-night.mat using Guid(c9ec6e8fde1426847a863e9ea1b54790) Importer(815301076,1909f56bfc062723c751e8b465ee728b)  -> (artifact id: '351ec8a8712ac2471a14d26fc892adde') in 0.182654 seconds
Number of updated asset objects reloaded before import = 0
Number of asset objects unloaded after import = 1
========================================================================
Received Import Request.
  Time since last request: 0.000019 seconds.
  path: Assets/polyperfect/Poly Halloween/- Materials/universal-glass-night.mat
  artifactKey: Guid(67ebe340f97be354c98766c2265fb834) Importer(815301076,1909f56bfc062723c751e8b465ee728b)
Start importing Assets/polyperfect/Poly Halloween/- Materials/universal-glass-night.mat using Guid(67ebe340f97be354c98766c2265fb834) Importer(815301076,1909f56bfc062723c751e8b465ee728b)  -> (artifact id: '1b879da23c3fba5dea92d6d4ad532170') in 0.467230 seconds
Number of updated asset objects reloaded before import = 0
Number of asset objects unloaded after import = 4
========================================================================
Received Import Request.
  Time since last request: 0.565636 seconds.
  path: Assets/polyperfect/Poly Halloween/- Meshes/FBXImporter-humanoid.preset
  artifactKey: Guid(31ef74fa45ae02e4ea451f74ec26fe2d) Importer(815301076,1909f56bfc062723c751e8b465ee728b)
Start importing Assets/polyperfect/Poly Halloween/- Meshes/FBXImporter-humanoid.preset using Guid(31ef74fa45ae02e4ea451f74ec26fe2d) Importer(815301076,1909f56bfc062723c751e8b465ee728b)  -> (artifact id: '0b2152613c3ba8f45d2f6553fc36b83e') in 0.080747 seconds
Number of updated asset objects reloaded before import = 0
Number of asset objects unloaded after import = 1
========================================================================
Received Import Request.
  Time since last request: 2.541922 seconds.
  path: Assets/polyperfect/Poly Halloween/- Materials/VFX/candle-fire.mat
  artifactKey: Guid(ec3e6f76edcea8d4da87cf26594591ca) Importer(815301076,1909f56bfc062723c751e8b465ee728b)
Start importing Assets/polyperfect/Poly Halloween/- Materials/VFX/candle-fire.mat using Guid(ec3e6f76edcea8d4da87cf26594591ca) Importer(815301076,1909f56bfc062723c751e8b465ee728b)  -> (artifact id: '0529da413104bd82c9ed4adffe91c1e5') in 0.133128 seconds
Number of updated asset objects reloaded before import = 0
Number of asset objects unloaded after import = 2
========================================================================
Received Import Request.
  Time since last request: 7.090527 seconds.
  path: Assets/polyperfect/Poly Halloween/- Textures/Nature/dirt-01-norm.png
  artifactKey: Guid(322897a3f386af04da16877f496e12c9) Importer(815301076,1909f56bfc062723c751e8b465ee728b)
Start importing Assets/polyperfect/Poly Halloween/- Textures/Nature/dirt-01-norm.png using Guid(322897a3f386af04da16877f496e12c9) Importer(815301076,1909f56bfc062723c751e8b465ee728b)  -> (artifact id: '2fd5d29c6ba0808ef25fb8289eac5c23') in 0.028854 seconds
Number of updated asset objects reloaded before import = 0
Number of asset objects unloaded after import = 2
========================================================================
Received Import Request.
  Time since last request: 0.000029 seconds.
  path: Assets/polyperfect/Poly Halloween/- Textures/Nature/rock-disp.png
  artifactKey: Guid(a5c65a2ac300f064daa45a296a907880) Importer(815301076,1909f56bfc062723c751e8b465ee728b)
Start importing Assets/polyperfect/Poly Halloween/- Textures/Nature/rock-disp.png using Guid(a5c65a2ac300f064daa45a296a907880) Importer(815301076,1909f56bfc062723c751e8b465ee728b)  -> (artifact id: '49d8c8090ee46bbe81cd16df10681c37') in 0.064253 seconds
Number of updated asset objects reloaded before import = 0
Number of asset objects unloaded after import = 2
========================================================================
Received Import Request.
  Time since last request: 0.519750 seconds.
  path: Assets/polyperfect/Poly Halloween/- Textures/Universal/atlas-emission-night-a.png
  artifactKey: Guid(3d3361805c7d1d847b8bcd82b59f0a2e) Importer(815301076,1909f56bfc062723c751e8b465ee728b)
Start importing Assets/polyperfect/Poly Halloween/- Textures/Universal/atlas-emission-night-a.png using Guid(3d3361805c7d1d847b8bcd82b59f0a2e) Importer(815301076,1909f56bfc062723c751e8b465ee728b)  -> (artifact id: '4e24b1a06251859a861eda7418a07dd5') in 0.053669 seconds
Number of updated asset objects reloaded before import = 0
Number of asset objects unloaded after import = 2
========================================================================
Received Import Request.
  Time since last request: 0.000018 seconds.
  path: Assets/polyperfect/Poly Halloween/- Textures/Universal/atlas-universal-albedo-a.png
  artifactKey: Guid(67add9ef0e23b384292439e0e6ea3dd9) Importer(815301076,1909f56bfc062723c751e8b465ee728b)
Start importing Assets/polyperfect/Poly Halloween/- Textures/Universal/atlas-universal-albedo-a.png using Guid(67add9ef0e23b384292439e0e6ea3dd9) Importer(815301076,1909f56bfc062723c751e8b465ee728b)  -> (artifact id: '06cabb434c4da32c6fd5101013d3575c') in 0.050776 seconds
Number of updated asset objects reloaded before import = 0
Number of asset objects unloaded after import = 2
========================================================================
Received Import Request.
  Time since last request: 6.958587 seconds.
  path: Assets/Understone/Free Viking Pack/Materials/Brown2C1104.mat
  artifactKey: Guid(7b3affcc8791f5945ab8e8a280752d9a) Importer(815301076,1909f56bfc062723c751e8b465ee728b)
Start importing Assets/Understone/Free Viking Pack/Materials/Brown2C1104.mat using Guid(7b3affcc8791f5945ab8e8a280752d9a) Importer(815301076,1909f56bfc062723c751e8b465ee728b)  -> (artifact id: '02ee224fb97cf94d823dec25dc4ec8b9') in 0.026734 seconds
Number of updated asset objects reloaded before import = 0
Number of asset objects unloaded after import = 1
========================================================================
Received Import Request.
  Time since last request: 0.000013 seconds.
  path: Assets/Understone/Free Viking Pack/Materials/Grey151515.mat
  artifactKey: Guid(231d110700dc1df44a034002945cad82) Importer(815301076,1909f56bfc062723c751e8b465ee728b)
Start importing Assets/Understone/Free Viking Pack/Materials/Grey151515.mat using Guid(231d110700dc1df44a034002945cad82) Importer(815301076,1909f56bfc062723c751e8b465ee728b)  -> (artifact id: '51438ba1d084880abf49de943faae6ce') in 0.119085 seconds
Number of updated asset objects reloaded before import = 0
Number of asset objects unloaded after import = 1
========================================================================
Received Import Request.
  Time since last request: 0.000013 seconds.
  path: Assets/Understone/Free Viking Pack/Materials/yellow7A370E.mat
  artifactKey: Guid(c05c4fbe689cdd94a8e2041d0a6619c5) Importer(815301076,1909f56bfc062723c751e8b465ee728b)
Start importing Assets/Understone/Free Viking Pack/Materials/yellow7A370E.mat using Guid(c05c4fbe689cdd94a8e2041d0a6619c5) Importer(815301076,1909f56bfc062723c751e8b465ee728b)  -> (artifact id: 'c696a3811ec818079f88fc85c519c052') in 0.027595 seconds
Number of updated asset objects reloaded before import = 0
Number of asset objects unloaded after import = 1
========================================================================
Received Import Request.
  Time since last request: 0.591437 seconds.
  path: Assets/Understone/Free Viking Pack/Models/D_Knarr_Wood.fbx
  artifactKey: Guid(4ba0308e7669c4446bbda19b1004c0a5) Importer(815301076,1909f56bfc062723c751e8b465ee728b)
Start importing Assets/Understone/Free Viking Pack/Models/D_Knarr_Wood.fbx using Guid(4ba0308e7669c4446bbda19b1004c0a5) Importer(815301076,1909f56bfc062723c751e8b465ee728b)  -> (artifact id: 'f12ab082c235ef14c403a8ff9b3050ea') in 0.157237 seconds
Number of updated asset objects reloaded before import = 0
Number of asset objects unloaded after import = 24
========================================================================
Received Import Request.
  Time since last request: 0.495432 seconds.
  path: Assets/Understone/Free Viking Pack/Prefabs/D_Knarr_Wood.prefab
  artifactKey: Guid(6d0f59c4aa36ec34f94a41b1cd4dad62) Importer(815301076,1909f56bfc062723c751e8b465ee728b)
Start importing Assets/Understone/Free Viking Pack/Prefabs/D_Knarr_Wood.prefab using Guid(6d0f59c4aa36ec34f94a41b1cd4dad62) Importer(815301076,1909f56bfc062723c751e8b465ee728b)  -> (artifact id: '166c1ac6b526ba789e228a2284a1092d') in 0.012782 seconds
Number of updated asset objects reloaded before import = 0
Number of asset objects unloaded after import = 27
========================================================================
Received Import Request.
  Time since last request: 0.000025 seconds.
  path: Assets/Understone/Free Viking Pack/Prefabs/H_B_Tree_A.prefab
  artifactKey: Guid(d1ef512ed65af114286e5c0fc629b83b) Importer(815301076,1909f56bfc062723c751e8b465ee728b)
Start importing Assets/Understone/Free Viking Pack/Prefabs/H_B_Tree_A.prefab using Guid(d1ef512ed65af114286e5c0fc629b83b) Importer(815301076,1909f56bfc062723c751e8b465ee728b)  -> (artifact id: '5050f59ae67afbbef02f7b853eb064d0') in 0.012206 seconds
Number of updated asset objects reloaded before import = 0
Number of asset objects unloaded after import = 10
========================================================================
Received Import Request.
  Time since last request: 2267.165497 seconds.
  path: Assets/polyperfect/Poly Halloween/- Materials/Nature/foliage-a.mat
  artifactKey: Guid(579b1bdc4edeb064e9430e0520bb1a48) Importer(815301076,1909f56bfc062723c751e8b465ee728b)
Start importing Assets/polyperfect/Poly Halloween/- Materials/Nature/foliage-a.mat using Guid(579b1bdc4edeb064e9430e0520bb1a48) Importer(815301076,1909f56bfc062723c751e8b465ee728b)  -> (artifact id: 'f7e8980dd42f03509fe74e2ff2b008b2') in 0.402900 seconds
Number of updated asset objects reloaded before import = 0
Number of asset objects unloaded after import = 2
========================================================================
Received Import Request.
  Time since last request: 3.054019 seconds.
  path: Assets/polyperfect/Poly Halloween/- Meshes/Halloween/book-evil.fbx
  artifactKey: Guid(466cf27f0dcd594469efc9bc9332204f) Importer(815301076,1909f56bfc062723c751e8b465ee728b)
Start importing Assets/polyperfect/Poly Halloween/- Meshes/Halloween/book-evil.fbx using Guid(466cf27f0dcd594469efc9bc9332204f) Importer(815301076,1909f56bfc062723c751e8b465ee728b)  -> (artifact id: 'ba6afcf9146982a477764c1e31e91619') in 0.010197 seconds
Number of updated asset objects reloaded before import = 0
Number of asset objects unloaded after import = 7
========================================================================
Received Import Request.
  Time since last request: 0.544446 seconds.
  path: Assets/polyperfect/Poly Halloween/- Meshes/Halloween/book-magical-eye.fbx
  artifactKey: Guid(cf07d82e7f6c3fc4fa85aea2404ee1a0) Importer(815301076,1909f56bfc062723c751e8b465ee728b)
Start importing Assets/polyperfect/Poly Halloween/- Meshes/Halloween/book-magical-eye.fbx using Guid(cf07d82e7f6c3fc4fa85aea2404ee1a0) Importer(815301076,1909f56bfc062723c751e8b465ee728b)  -> (artifact id: 'b90597fc27e63bd8f390adcc25ffb550') in 0.013736 seconds
Number of updated asset objects reloaded before import = 0
Number of asset objects unloaded after import = 7
========================================================================
Received Import Request.
  Time since last request: 0.014009 seconds.
  path: Assets/polyperfect/Poly Halloween/- Meshes/Halloween/candle-finger-holder-lit.fbx
  artifactKey: Guid(da1cd9b107929d74fbac2066d7477d91) Importer(815301076,1909f56bfc062723c751e8b465ee728b)
Start importing Assets/polyperfect/Poly Halloween/- Meshes/Halloween/candle-finger-holder-lit.fbx using Guid(da1cd9b107929d74fbac2066d7477d91) Importer(815301076,1909f56bfc062723c751e8b465ee728b)  -> (artifact id: '1e27a8f172d7842eaa03f97dfb7becd0') in 0.013474 seconds
Number of updated asset objects reloaded before import = 0
Number of asset objects unloaded after import = 7
========================================================================
Received Import Request.
  Time since last request: 0.000015 seconds.
  path: Assets/polyperfect/Poly Halloween/- Meshes/Halloween/coffin-new.fbx
  artifactKey: Guid(3645208b986d09a4e8bd9d29cebc4d9a) Importer(815301076,1909f56bfc062723c751e8b465ee728b)
Start importing Assets/polyperfect/Poly Halloween/- Meshes/Halloween/coffin-new.fbx using Guid(3645208b986d09a4e8bd9d29cebc4d9a) Importer(815301076,1909f56bfc062723c751e8b465ee728b)  -> (artifact id: '4aa17d2395996454406512df7c3dd19d') in 0.025875 seconds
Number of updated asset objects reloaded before import = 0
Number of asset objects unloaded after import = 14
========================================================================
Received Import Request.
  Time since last request: 0.000015 seconds.
  path: Assets/polyperfect/Poly Halloween/- Meshes/Halloween/wall-graveyard-3m.fbx
  artifactKey: Guid(69f32e3beb2b24342a8ace60eb90e7fc) Importer(815301076,1909f56bfc062723c751e8b465ee728b)
Start importing Assets/polyperfect/Poly Halloween/- Meshes/Halloween/wall-graveyard-3m.fbx using Guid(69f32e3beb2b24342a8ace60eb90e7fc) Importer(815301076,1909f56bfc062723c751e8b465ee728b)  -> (artifact id: '0cdc568c392830d1e1b74317422cbcfd') in 0.013303 seconds
Number of updated asset objects reloaded before import = 0
Number of asset objects unloaded after import = 7
========================================================================
Received Import Request.
  Time since last request: 0.000022 seconds.
  path: Assets/polyperfect/Poly Halloween/- Meshes/Halloween/string-of-flags-5m.fbx
  artifactKey: Guid(01b2d267ca3557540bf17e76dba09049) Importer(815301076,1909f56bfc062723c751e8b465ee728b)
Start importing Assets/polyperfect/Poly Halloween/- Meshes/Halloween/string-of-flags-5m.fbx using Guid(01b2d267ca3557540bf17e76dba09049) Importer(815301076,1909f56bfc062723c751e8b465ee728b)  -> (artifact id: 'f537b18e52f134abd124622d64da243f') in 0.059281 seconds
Number of updated asset objects reloaded before import = 0
Number of asset objects unloaded after import = 7
========================================================================
Received Import Request.
  Time since last request: 0.000044 seconds.
  path: Assets/polyperfect/Poly Halloween/- Meshes/Halloween/cauldron-potion-empty.fbx
  artifactKey: Guid(795f3a3e5cb67364c9e77d1fe76f3ab1) Importer(815301076,1909f56bfc062723c751e8b465ee728b)
Start importing Assets/polyperfect/Poly Halloween/- Meshes/Halloween/cauldron-potion-empty.fbx using Guid(795f3a3e5cb67364c9e77d1fe76f3ab1) Importer(815301076,1909f56bfc062723c751e8b465ee728b)  -> (artifact id: '8178f1d8bc58d64f96378673e35325d9') in 0.074080 seconds
Number of updated asset objects reloaded before import = 0
Number of asset objects unloaded after import = 7
========================================================================
Received Import Request.
  Time since last request: 0.000015 seconds.
  path: Assets/polyperfect/Poly Halloween/- Meshes/Halloween/gate-graveyard.fbx
  artifactKey: Guid(eab25d0fbde50624694d6a47f3a5dbe7) Importer(815301076,1909f56bfc062723c751e8b465ee728b)
Start importing Assets/polyperfect/Poly Halloween/- Meshes/Halloween/gate-graveyard.fbx using Guid(eab25d0fbde50624694d6a47f3a5dbe7) Importer(815301076,1909f56bfc062723c751e8b465ee728b)  -> (artifact id: '4c8963d5466f6601f6284cb3acc77ca8') in 0.089402 seconds
Number of updated asset objects reloaded before import = 0
Number of asset objects unloaded after import = 19
========================================================================
Received Import Request.
  Time since last request: 0.000026 seconds.
  path: Assets/polyperfect/Poly Halloween/- Meshes/Halloween/wall-graveyard-1m.fbx
  artifactKey: Guid(6605bda0413ebfb4aa39a528209bafa7) Importer(815301076,1909f56bfc062723c751e8b465ee728b)
Start importing Assets/polyperfect/Poly Halloween/- Meshes/Halloween/wall-graveyard-1m.fbx using Guid(6605bda0413ebfb4aa39a528209bafa7) Importer(815301076,1909f56bfc062723c751e8b465ee728b)  -> (artifact id: 'b2ac14190ca7dc85d274dd1a2193c279') in 0.041615 seconds
Number of updated asset objects reloaded before import = 0
Number of asset objects unloaded after import = 7
========================================================================
Received Import Request.
  Time since last request: 0.000055 seconds.
  path: Assets/polyperfect/Poly Halloween/- Meshes/Halloween/candy-pumpkin.fbx
  artifactKey: Guid(e19fb63cb7b4b4a499c3198c57a4cb85) Importer(815301076,1909f56bfc062723c751e8b465ee728b)
Start importing Assets/polyperfect/Poly Halloween/- Meshes/Halloween/candy-pumpkin.fbx using Guid(e19fb63cb7b4b4a499c3198c57a4cb85) Importer(815301076,1909f56bfc062723c751e8b465ee728b)  -> (artifact id: '8cb196e1514392773127b2d4d8cf6872') in 0.031850 seconds
Number of updated asset objects reloaded before import = 0
Number of asset objects unloaded after import = 7
========================================================================
Received Import Request.
  Time since last request: 0.000020 seconds.
  path: Assets/polyperfect/Poly Halloween/- Meshes/Halloween/lollipop-round-a.fbx
  artifactKey: Guid(729eeb14f53bfd849b4530462e4b11b9) Importer(815301076,1909f56bfc062723c751e8b465ee728b)
Start importing Assets/polyperfect/Poly Halloween/- Meshes/Halloween/lollipop-round-a.fbx using Guid(729eeb14f53bfd849b4530462e4b11b9) Importer(815301076,1909f56bfc062723c751e8b465ee728b)  -> (artifact id: '06f72bf5cfdd43addab6547a59281b55') in 0.032166 seconds
Number of updated asset objects reloaded before import = 0
Number of asset objects unloaded after import = 7
========================================================================
Received Import Request.
  Time since last request: 0.000043 seconds.
  path: Assets/polyperfect/Poly Halloween/- Meshes/Halloween/gravestone-old-classic-broken.fbx
  artifactKey: Guid(fdec8e5b6b6bb784ba3d5d435ba8611e) Importer(815301076,1909f56bfc062723c751e8b465ee728b)
Start importing Assets/polyperfect/Poly Halloween/- Meshes/Halloween/gravestone-old-classic-broken.fbx using Guid(fdec8e5b6b6bb784ba3d5d435ba8611e) Importer(815301076,1909f56bfc062723c751e8b465ee728b)  -> (artifact id: 'e6dd07535d061eaa1e200a65e48ba4c4') in 0.035962 seconds
Number of updated asset objects reloaded before import = 0
Number of asset objects unloaded after import = 7
========================================================================
Received Import Request.
  Time since last request: 0.000019 seconds.
  path: Assets/polyperfect/Poly Halloween/- Meshes/Halloween/candle-spine-lit.fbx
  artifactKey: Guid(154c29dad4dbd144d80a6173881c9ef7) Importer(815301076,1909f56bfc062723c751e8b465ee728b)
Start importing Assets/polyperfect/Poly Halloween/- Meshes/Halloween/candle-spine-lit.fbx using Guid(154c29dad4dbd144d80a6173881c9ef7) Importer(815301076,1909f56bfc062723c751e8b465ee728b)  -> (artifact id: 'f341aedd0411550695a88222aceec89b') in 0.031939 seconds
Number of updated asset objects reloaded before import = 0
Number of asset objects unloaded after import = 7
========================================================================
Received Import Request.
  Time since last request: 0.000021 seconds.
  path: Assets/polyperfect/Poly Halloween/- Meshes/Halloween/gravestone-old-small-c.fbx
  artifactKey: Guid(1c3141c5998cdc44f95b67dabf99234a) Importer(815301076,1909f56bfc062723c751e8b465ee728b)
Start importing Assets/polyperfect/Poly Halloween/- Meshes/Halloween/gravestone-old-small-c.fbx using Guid(1c3141c5998cdc44f95b67dabf99234a) Importer(815301076,1909f56bfc062723c751e8b465ee728b)  -> (artifact id: 'f50d091c9e68a27be853c013ef8f19fb') in 0.034385 seconds
Number of updated asset objects reloaded before import = 0
Number of asset objects unloaded after import = 7
========================================================================
Received Import Request.
  Time since last request: 0.000024 seconds.
  path: Assets/polyperfect/Poly Halloween/- Meshes/Halloween/scythe.fbx
  artifactKey: Guid(03c59095b36405648879f098b5dcd273) Importer(815301076,1909f56bfc062723c751e8b465ee728b)
Start importing Assets/polyperfect/Poly Halloween/- Meshes/Halloween/scythe.fbx using Guid(03c59095b36405648879f098b5dcd273) Importer(815301076,1909f56bfc062723c751e8b465ee728b)  -> (artifact id: '69e4fa6fed45cc53c6c8e549d34518d0') in 0.031354 seconds
Number of updated asset objects reloaded before import = 0
Number of asset objects unloaded after import = 7
========================================================================
Received Import Request.
  Time since last request: 0.000050 seconds.
  path: Assets/polyperfect/Poly Halloween/- Meshes/Halloween/candy-corn.fbx
  artifactKey: Guid(220e0f90a895b944ba938ed791bf08fa) Importer(815301076,1909f56bfc062723c751e8b465ee728b)
Start importing Assets/polyperfect/Poly Halloween/- Meshes/Halloween/candy-corn.fbx using Guid(220e0f90a895b944ba938ed791bf08fa) Importer(815301076,1909f56bfc062723c751e8b465ee728b)  -> (artifact id: 'a2c3470a113de6f6ccea23ad1ec4824f') in 0.031085 seconds
Number of updated asset objects reloaded before import = 0
Number of asset objects unloaded after import = 7
========================================================================
Received Import Request.
  Time since last request: 0.000082 seconds.
  path: Assets/polyperfect/Poly Halloween/- Meshes/Halloween/lollipop-flat-b.fbx
  artifactKey: Guid(52d609158c5b07b4aa503b8644ea2fc8) Importer(815301076,1909f56bfc062723c751e8b465ee728b)
Start importing Assets/polyperfect/Poly Halloween/- Meshes/Halloween/lollipop-flat-b.fbx using Guid(52d609158c5b07b4aa503b8644ea2fc8) Importer(815301076,1909f56bfc062723c751e8b465ee728b)  -> (artifact id: '93887c8c6b56e18a44071124b7200069') in 0.033876 seconds
Number of updated asset objects reloaded before import = 0
Number of asset objects unloaded after import = 7
========================================================================
Received Import Request.
  Time since last request: 0.000061 seconds.
  path: Assets/polyperfect/Poly Halloween/- Meshes/Halloween/tree-scary-dead.fbx
  artifactKey: Guid(cd37ad33a1e7a2849911b9d0bb7f9e3f) Importer(815301076,1909f56bfc062723c751e8b465ee728b)
Start importing Assets/polyperfect/Poly Halloween/- Meshes/Halloween/tree-scary-dead.fbx using Guid(cd37ad33a1e7a2849911b9d0bb7f9e3f) Importer(815301076,1909f56bfc062723c751e8b465ee728b)  -> (artifact id: 'd69873bedd2e1a1ba6a9b12ecb3b113f') in 0.032109 seconds
Number of updated asset objects reloaded before import = 0
Number of asset objects unloaded after import = 7
========================================================================
Received Import Request.
  Time since last request: 0.000034 seconds.
  path: Assets/polyperfect/Poly Halloween/- Meshes/Halloween/string-of-flags-3m.fbx
  artifactKey: Guid(ffda131c09f657840b8a8c6a3e4ffe3d) Importer(815301076,1909f56bfc062723c751e8b465ee728b)
Start importing Assets/polyperfect/Poly Halloween/- Meshes/Halloween/string-of-flags-3m.fbx using Guid(ffda131c09f657840b8a8c6a3e4ffe3d) Importer(815301076,1909f56bfc062723c751e8b465ee728b)  -> (artifact id: '494eb543cb5a8ddf12a45e1e8a3f5643') in 0.030471 seconds
Number of updated asset objects reloaded before import = 0
Number of asset objects unloaded after import = 7
========================================================================
Received Import Request.
  Time since last request: 0.000043 seconds.
  path: Assets/polyperfect/Poly Halloween/- Meshes/Halloween/candle-stick-b-unlit.fbx
  artifactKey: Guid(a6d46daa3a74ce74c8f813986be0a018) Importer(815301076,1909f56bfc062723c751e8b465ee728b)
Start importing Assets/polyperfect/Poly Halloween/- Meshes/Halloween/candle-stick-b-unlit.fbx using Guid(a6d46daa3a74ce74c8f813986be0a018) Importer(815301076,1909f56bfc062723c751e8b465ee728b)  -> (artifact id: '7840663518e42b4d13404a61a1b2541b') in 0.030332 seconds
Number of updated asset objects reloaded before import = 0
Number of asset objects unloaded after import = 7
========================================================================
Received Import Request.
  Time since last request: 0.000021 seconds.
  path: Assets/polyperfect/Poly Halloween/- Meshes/Halloween/candle-stick-c-unlit.fbx
  artifactKey: Guid(6ee301e24196bed43bf2380c830880c2) Importer(815301076,1909f56bfc062723c751e8b465ee728b)
Start importing Assets/polyperfect/Poly Halloween/- Meshes/Halloween/candle-stick-c-unlit.fbx using Guid(6ee301e24196bed43bf2380c830880c2) Importer(815301076,1909f56bfc062723c751e8b465ee728b)  -> (artifact id: '516c0e6bc693bba61b350c80e02b0973') in 0.034384 seconds
Number of updated asset objects reloaded before import = 0
Number of asset objects unloaded after import = 7
========================================================================
Received Import Request.
  Time since last request: 0.000051 seconds.
  path: Assets/polyperfect/Poly Halloween/- Meshes/Halloween/candle-skull-unlit.fbx
  artifactKey: Guid(e517ff7d524b4ca4eab9675efc72edf7) Importer(815301076,1909f56bfc062723c751e8b465ee728b)
Start importing Assets/polyperfect/Poly Halloween/- Meshes/Halloween/candle-skull-unlit.fbx using Guid(e517ff7d524b4ca4eab9675efc72edf7) Importer(815301076,1909f56bfc062723c751e8b465ee728b)  -> (artifact id: 'a658b2db2b17fe6e51031c0798553219') in 0.034332 seconds
Number of updated asset objects reloaded before import = 0
Number of asset objects unloaded after import = 7
========================================================================
Received Import Request.
  Time since last request: 0.000039 seconds.
  path: Assets/polyperfect/Poly Halloween/- Meshes/Halloween/pumpkin-carved-a.fbx
  artifactKey: Guid(90d7d229b93c61945908189223393d64) Importer(815301076,1909f56bfc062723c751e8b465ee728b)
Start importing Assets/polyperfect/Poly Halloween/- Meshes/Halloween/pumpkin-carved-a.fbx using Guid(90d7d229b93c61945908189223393d64) Importer(815301076,1909f56bfc062723c751e8b465ee728b)  -> (artifact id: '56b87fbf1bd78c550fed3a6d51535856') in 0.032533 seconds
Number of updated asset objects reloaded before import = 0
Number of asset objects unloaded after import = 7
========================================================================
Received Import Request.
  Time since last request: 0.000027 seconds.
  path: Assets/polyperfect/Poly Halloween/- Meshes/Halloween/wall-graveyard-end.fbx
  artifactKey: Guid(c4e6807c9972f6f4c85965be48ed2c90) Importer(815301076,1909f56bfc062723c751e8b465ee728b)
Start importing Assets/polyperfect/Poly Halloween/- Meshes/Halloween/wall-graveyard-end.fbx using Guid(c4e6807c9972f6f4c85965be48ed2c90) Importer(815301076,1909f56bfc062723c751e8b465ee728b)  -> (artifact id: 'ca4b408cb7ce614149b1eea63895e3d0') in 0.030943 seconds
Number of updated asset objects reloaded before import = 0
Number of asset objects unloaded after import = 7
========================================================================
Received Import Request.
  Time since last request: 0.000047 seconds.
  path: Assets/polyperfect/Poly Halloween/- Meshes/Halloween/pumpkin-candy.fbx
  artifactKey: Guid(6c0e584b97c9c0e479d39c9e403d176b) Importer(815301076,1909f56bfc062723c751e8b465ee728b)
Start importing Assets/polyperfect/Poly Halloween/- Meshes/Halloween/pumpkin-candy.fbx using Guid(6c0e584b97c9c0e479d39c9e403d176b) Importer(815301076,1909f56bfc062723c751e8b465ee728b)  -> (artifact id: 'ecb3b3a4a14f0216f870e657f88562e0') in 0.033755 seconds
Number of updated asset objects reloaded before import = 0
Number of asset objects unloaded after import = 7
========================================================================
Received Import Request.
  Time since last request: 0.000020 seconds.
  path: Assets/polyperfect/Poly Halloween/- Meshes/Halloween/guillotine.fbx
  artifactKey: Guid(b3de28280c49c4044855aa4618a8c423) Importer(815301076,1909f56bfc062723c751e8b465ee728b)
Start importing Assets/polyperfect/Poly Halloween/- Meshes/Halloween/guillotine.fbx using Guid(b3de28280c49c4044855aa4618a8c423) Importer(815301076,1909f56bfc062723c751e8b465ee728b)  -> (artifact id: 'af7dac95044820165f72ae831a621869') in 0.032213 seconds
Number of updated asset objects reloaded before import = 0
Number of asset objects unloaded after import = 7
========================================================================
Received Import Request.
  Time since last request: 0.000047 seconds.
  path: Assets/polyperfect/Poly Halloween/- Meshes/Halloween/witch-hat.fbx
  artifactKey: Guid(debd58b30b5db0c41b429731fc5a1b30) Importer(815301076,1909f56bfc062723c751e8b465ee728b)
Start importing Assets/polyperfect/Poly Halloween/- Meshes/Halloween/witch-hat.fbx using Guid(debd58b30b5db0c41b429731fc5a1b30) Importer(815301076,1909f56bfc062723c751e8b465ee728b)  -> (artifact id: 'ab7735395c1f902606257f4075a1094a') in 0.030946 seconds
Number of updated asset objects reloaded before import = 0
Number of asset objects unloaded after import = 7
========================================================================
Received Import Request.
  Time since last request: 0.000022 seconds.
  path: Assets/polyperfect/Poly Halloween/- Meshes/Halloween/wall-graveyard-1m-corner.fbx
  artifactKey: Guid(0944ec8e99d68bb46b07392dedb8cdc6) Importer(815301076,1909f56bfc062723c751e8b465ee728b)
Start importing Assets/polyperfect/Poly Halloween/- Meshes/Halloween/wall-graveyard-1m-corner.fbx using Guid(0944ec8e99d68bb46b07392dedb8cdc6) Importer(815301076,1909f56bfc062723c751e8b465ee728b)  -> (artifact id: 'd338da4c5c72c20ca45dfe61921ac251') in 0.032641 seconds
Number of updated asset objects reloaded before import = 0
Number of asset objects unloaded after import = 7
========================================================================
Received Import Request.
  Time since last request: 0.000036 seconds.
  path: Assets/polyperfect/Poly Halloween/- Meshes/Halloween/mushroom-magical-amanita-mature.fbx
  artifactKey: Guid(2fcd18251636ff649b47e83231e94d85) Importer(815301076,1909f56bfc062723c751e8b465ee728b)
Start importing Assets/polyperfect/Poly Halloween/- Meshes/Halloween/mushroom-magical-amanita-mature.fbx using Guid(2fcd18251636ff649b47e83231e94d85) Importer(815301076,1909f56bfc062723c751e8b465ee728b)  -> (artifact id: 'bfbe2516233256d1f35a34a4a2cee341') in 0.032584 seconds
Number of updated asset objects reloaded before import = 0
Number of asset objects unloaded after import = 7
========================================================================
Received Import Request.
  Time since last request: 0.000020 seconds.
  path: Assets/polyperfect/Poly Halloween/- Meshes/Halloween/stump-possesed.fbx
  artifactKey: Guid(3f83b87988a71504da83be8676319de2) Importer(815301076,1909f56bfc062723c751e8b465ee728b)
Start importing Assets/polyperfect/Poly Halloween/- Meshes/Halloween/stump-possesed.fbx using Guid(3f83b87988a71504da83be8676319de2) Importer(815301076,1909f56bfc062723c751e8b465ee728b)  -> (artifact id: '86c3112759ca7fe6b7c729b866a11133') in 0.031138 seconds
Number of updated asset objects reloaded before import = 0
Number of asset objects unloaded after import = 7
========================================================================
Received Import Request.
  Time since last request: 0.000025 seconds.
  path: Assets/polyperfect/Poly Halloween/- Meshes/Halloween/pumpkin-a.fbx
  artifactKey: Guid(13326b0cef761824b8523aad19e2e964) Importer(815301076,1909f56bfc062723c751e8b465ee728b)
Start importing Assets/polyperfect/Poly Halloween/- Meshes/Halloween/pumpkin-a.fbx using Guid(13326b0cef761824b8523aad19e2e964) Importer(815301076,1909f56bfc062723c751e8b465ee728b)  -> (artifact id: '82494c6c41485667ca16c44a735aa0f7') in 0.036906 seconds
Number of updated asset objects reloaded before import = 0
Number of asset objects unloaded after import = 7
========================================================================
Received Import Request.
  Time since last request: 0.000024 seconds.
  path: Assets/polyperfect/Poly Halloween/- Meshes/Halloween/string-of-flags-2m.fbx
  artifactKey: Guid(03e28668f563f504ab50d37e5a432755) Importer(815301076,1909f56bfc062723c751e8b465ee728b)
Start importing Assets/polyperfect/Poly Halloween/- Meshes/Halloween/string-of-flags-2m.fbx using Guid(03e28668f563f504ab50d37e5a432755) Importer(815301076,1909f56bfc062723c751e8b465ee728b)  -> (artifact id: 'a88de2caab2dd9540e9c80737c3fd702') in 0.034611 seconds
Number of updated asset objects reloaded before import = 0
Number of asset objects unloaded after import = 7
========================================================================
Received Import Request.
  Time since last request: 0.000026 seconds.
  path: Assets/polyperfect/Poly Halloween/- Meshes/Halloween/gravestone-old-tower.fbx
  artifactKey: Guid(a77653da149ca8644867707b9dca9198) Importer(815301076,1909f56bfc062723c751e8b465ee728b)
Start importing Assets/polyperfect/Poly Halloween/- Meshes/Halloween/gravestone-old-tower.fbx using Guid(a77653da149ca8644867707b9dca9198) Importer(815301076,1909f56bfc062723c751e8b465ee728b)  -> (artifact id: 'df5cffd784b4abbd3e3ad77934931970') in 0.031822 seconds
Number of updated asset objects reloaded before import = 0
Number of asset objects unloaded after import = 7
========================================================================
Received Import Request.
  Time since last request: 0.000019 seconds.
  path: Assets/polyperfect/Poly Halloween/- Meshes/Halloween/mushroom-magical-cluster-a.fbx
  artifactKey: Guid(e376ed6d5315e8e4dbd1737ce24bebea) Importer(815301076,1909f56bfc062723c751e8b465ee728b)
Start importing Assets/polyperfect/Poly Halloween/- Meshes/Halloween/mushroom-magical-cluster-a.fbx using Guid(e376ed6d5315e8e4dbd1737ce24bebea) Importer(815301076,1909f56bfc062723c751e8b465ee728b)  -> (artifact id: 'd7ccf6ac445d6ffda5fe96b961032f3a') in 0.032567 seconds
Number of updated asset objects reloaded before import = 0
Number of asset objects unloaded after import = 7
========================================================================
Received Import Request.
  Time since last request: 0.000022 seconds.
  path: Assets/polyperfect/Poly Halloween/- Meshes/Halloween/pumpkin-carved-lit-a.fbx
  artifactKey: Guid(7fe7148a753dd2c44bb87875e0bc6f63) Importer(815301076,1909f56bfc062723c751e8b465ee728b)
Start importing Assets/polyperfect/Poly Halloween/- Meshes/Halloween/pumpkin-carved-lit-a.fbx using Guid(7fe7148a753dd2c44bb87875e0bc6f63) Importer(815301076,1909f56bfc062723c751e8b465ee728b)  -> (artifact id: 'f666d0684da0f9dc8276f2fe0d2365ff') in 0.032819 seconds
Number of updated asset objects reloaded before import = 0
Number of asset objects unloaded after import = 7
========================================================================
Received Import Request.
  Time since last request: 0.000021 seconds.
  path: Assets/polyperfect/Poly Halloween/- Meshes/Halloween/hand-severed.fbx
  artifactKey: Guid(9f48329bb70ffb4439f248f2d29de2a5) Importer(815301076,1909f56bfc062723c751e8b465ee728b)
Start importing Assets/polyperfect/Poly Halloween/- Meshes/Halloween/hand-severed.fbx using Guid(9f48329bb70ffb4439f248f2d29de2a5) Importer(815301076,1909f56bfc062723c751e8b465ee728b)  -> (artifact id: '0238c513ecd8d2b015e0ffef982c2b0b') in 0.032218 seconds
Number of updated asset objects reloaded before import = 0
Number of asset objects unloaded after import = 7
========================================================================
Received Import Request.
  Time since last request: 0.000022 seconds.
  path: Assets/polyperfect/Poly Halloween/- Meshes/Halloween/scarecrow-a.fbx
  artifactKey: Guid(1e1c292275b80884c97279c3bfd12910) Importer(815301076,1909f56bfc062723c751e8b465ee728b)
Start importing Assets/polyperfect/Poly Halloween/- Meshes/Halloween/scarecrow-a.fbx using Guid(1e1c292275b80884c97279c3bfd12910) Importer(815301076,1909f56bfc062723c751e8b465ee728b)  -> (artifact id: 'a78d14b6c0777250ea2fb275ce65e3ca') in 0.032792 seconds
Number of updated asset objects reloaded before import = 0
Number of asset objects unloaded after import = 7
========================================================================
Received Import Request.
  Time since last request: 0.000022 seconds.
  path: Assets/polyperfect/Poly Halloween/- Meshes/Halloween/candle-spine-unlit.fbx
  artifactKey: Guid(efae5a5999301a14d9a614a54b04e337) Importer(815301076,1909f56bfc062723c751e8b465ee728b)
Start importing Assets/polyperfect/Poly Halloween/- Meshes/Halloween/candle-spine-unlit.fbx using Guid(efae5a5999301a14d9a614a54b04e337) Importer(815301076,1909f56bfc062723c751e8b465ee728b)  -> (artifact id: '3e2ebf11ba9703cf1794e349ede8d127') in 0.031609 seconds
Number of updated asset objects reloaded before import = 0
Number of asset objects unloaded after import = 7
========================================================================
Received Import Request.
  Time since last request: 0.000018 seconds.
  path: Assets/polyperfect/Poly Halloween/- Meshes/Halloween/lanterns-on-string-3m.fbx
  artifactKey: Guid(2a42e9d17ce519e4da125f7d9b591602) Importer(815301076,1909f56bfc062723c751e8b465ee728b)
Start importing Assets/polyperfect/Poly Halloween/- Meshes/Halloween/lanterns-on-string-3m.fbx using Guid(2a42e9d17ce519e4da125f7d9b591602) Importer(815301076,1909f56bfc062723c751e8b465ee728b)  -> (artifact id: 'd14d10e7cb55891e698818c777225213') in 0.030219 seconds
Number of updated asset objects reloaded before import = 0
Number of asset objects unloaded after import = 7
========================================================================
Received Import Request.
  Time since last request: 7.985588 seconds.
  path: Assets/polyperfect/Poly Halloween/- Meshes/Nature/Rocks/stone-f.fbx
  artifactKey: Guid(8d0f1f34a62d87346b925007e9de3cc8) Importer(815301076,1909f56bfc062723c751e8b465ee728b)
Start importing Assets/polyperfect/Poly Halloween/- Meshes/Nature/Rocks/stone-f.fbx using Guid(8d0f1f34a62d87346b925007e9de3cc8) Importer(815301076,1909f56bfc062723c751e8b465ee728b)  -> (artifact id: '1fc0ee24d2916c11c41f8d7d8dd6c843') in 0.024725 seconds
Number of updated asset objects reloaded before import = 0
Number of asset objects unloaded after import = 7
========================================================================
Received Import Request.
  Time since last request: 1.928888 seconds.
  path: Assets/polyperfect/Poly Halloween/- Meshes/People/man-ghost-halloween.fbx
  artifactKey: Guid(bdd8def79b90cbf42903b785817b818c) Importer(815301076,1909f56bfc062723c751e8b465ee728b)
Start importing Assets/polyperfect/Poly Halloween/- Meshes/People/man-ghost-halloween.fbx using Guid(bdd8def79b90cbf42903b785817b818c) Importer(815301076,1909f56bfc062723c751e8b465ee728b)  -> (artifact id: 'e9a9f5715b58dba9974dc220f24e0424') in 0.035922 seconds
Number of updated asset objects reloaded before import = 0
Number of asset objects unloaded after import = 168
========================================================================
Received Import Request.
  Time since last request: 31.138174 seconds.
  path: Assets/polyperfect/Poly Halloween/- Prefabs/Halloween/book-evil-open.prefab
  artifactKey: Guid(df9d3a724209f5946aa73accb4fc07fd) Importer(815301076,1909f56bfc062723c751e8b465ee728b)
Start importing Assets/polyperfect/Poly Halloween/- Prefabs/Halloween/book-evil-open.prefab using Guid(df9d3a724209f5946aa73accb4fc07fd) Importer(815301076,1909f56bfc062723c751e8b465ee728b)  -> (artifact id: '3c938e13cf0f11b662bf7391b26a9c29') in 0.247225 seconds
Number of updated asset objects reloaded before import = 0
Number of asset objects unloaded after import = 13
========================================================================
Received Import Request.
  Time since last request: 0.000018 seconds.
  path: Assets/polyperfect/Poly Halloween/- Prefabs/Halloween/mushroom-magical-champignon-c.prefab
  artifactKey: Guid(813c4a802d5e4cf48a8c35827d1e21d7) Importer(815301076,1909f56bfc062723c751e8b465ee728b)
Start importing Assets/polyperfect/Poly Halloween/- Prefabs/Halloween/mushroom-magical-champignon-c.prefab using Guid(813c4a802d5e4cf48a8c35827d1e21d7) Importer(815301076,1909f56bfc062723c751e8b465ee728b)  -> (artifact id: '934bb573121f4b356d28dca099abc95e') in 0.054948 seconds
Number of updated asset objects reloaded before import = 0
Number of asset objects unloaded after import = 12
========================================================================
Received Import Request.
  Time since last request: 0.000027 seconds.
  path: Assets/polyperfect/Poly Halloween/- Prefabs/Halloween/cauldron-potion-empty.prefab
  artifactKey: Guid(fe6bb0e66688f734a9e4cc5bfb502051) Importer(815301076,1909f56bfc062723c751e8b465ee728b)
Start importing Assets/polyperfect/Poly Halloween/- Prefabs/Halloween/cauldron-potion-empty.prefab using Guid(fe6bb0e66688f734a9e4cc5bfb502051) Importer(815301076,1909f56bfc062723c751e8b465ee728b)  -> (artifact id: '7b88ee3bcd6fd9cb6c2b38f29a31af4a') in 0.044432 seconds
Number of updated asset objects reloaded before import = 0
Number of asset objects unloaded after import = 12
========================================================================
Received Import Request.
  Time since last request: 0.000027 seconds.
  path: Assets/polyperfect/Poly Halloween/- Prefabs/Halloween/mushroom-magical-champignon-b.prefab
  artifactKey: Guid(fffba91942c50aa4a8e8455edade1bfd) Importer(815301076,1909f56bfc062723c751e8b465ee728b)
Start importing Assets/polyperfect/Poly Halloween/- Prefabs/Halloween/mushroom-magical-champignon-b.prefab using Guid(fffba91942c50aa4a8e8455edade1bfd) Importer(815301076,1909f56bfc062723c751e8b465ee728b)  -> (artifact id: '28f66a0fb46ca9fdde861d746f0cc957') in 0.042509 seconds
Number of updated asset objects reloaded before import = 0
Number of asset objects unloaded after import = 12
========================================================================
Received Import Request.
  Time since last request: 0.000044 seconds.
  path: Assets/polyperfect/Poly Halloween/- Prefabs/Halloween/gibbet.prefab
  artifactKey: Guid(9166965b178875f48988f6fc3e2b3ff8) Importer(815301076,1909f56bfc062723c751e8b465ee728b)
Start importing Assets/polyperfect/Poly Halloween/- Prefabs/Halloween/gibbet.prefab using Guid(9166965b178875f48988f6fc3e2b3ff8) Importer(815301076,1909f56bfc062723c751e8b465ee728b)  -> (artifact id: '31c5487df3d5374e1e691b4cf25d87a1') in 0.050769 seconds
Number of updated asset objects reloaded before import = 0
Number of asset objects unloaded after import = 20
========================================================================
Received Import Request.
  Time since last request: 0.000036 seconds.
  path: Assets/polyperfect/Poly Halloween/- Prefabs/Halloween/lantern-street-fixed-halloween.prefab
  artifactKey: Guid(f24c94125f67fd1428db4b54c387fbef) Importer(815301076,1909f56bfc062723c751e8b465ee728b)
Start importing Assets/polyperfect/Poly Halloween/- Prefabs/Halloween/lantern-street-fixed-halloween.prefab using Guid(f24c94125f67fd1428db4b54c387fbef) Importer(815301076,1909f56bfc062723c751e8b465ee728b)  -> (artifact id: '6bcf2ee7ad0eda29cb974d549a886236') in 0.032621 seconds
Number of updated asset objects reloaded before import = 0
Number of asset objects unloaded after import = 13
========================================================================
Received Import Request.
  Time since last request: 0.000017 seconds.
  path: Assets/polyperfect/Poly Halloween/- Prefabs/Halloween/gravestone-old-small-b.prefab
  artifactKey: Guid(d9b0ea3d8b855e64e90499c5d5981ac7) Importer(815301076,1909f56bfc062723c751e8b465ee728b)
Start importing Assets/polyperfect/Poly Halloween/- Prefabs/Halloween/gravestone-old-small-b.prefab using Guid(d9b0ea3d8b855e64e90499c5d5981ac7) Importer(815301076,1909f56bfc062723c751e8b465ee728b)  -> (artifact id: '7b7a1622fd736c0f1f511ff2476e71c9') in 0.041722 seconds
Number of updated asset objects reloaded before import = 0
Number of asset objects unloaded after import = 12
========================================================================
Received Import Request.
  Time since last request: 0.000029 seconds.
  path: Assets/polyperfect/Poly Halloween/- Prefabs/Halloween/string-of-flags-3m.prefab
  artifactKey: Guid(849ba2d3e5872ea418a8fd36343014de) Importer(815301076,1909f56bfc062723c751e8b465ee728b)
Start importing Assets/polyperfect/Poly Halloween/- Prefabs/Halloween/string-of-flags-3m.prefab using Guid(849ba2d3e5872ea418a8fd36343014de) Importer(815301076,1909f56bfc062723c751e8b465ee728b)  -> (artifact id: '98e5ce7b454c02635a9d941a081cc692') in 0.039871 seconds
Number of updated asset objects reloaded before import = 0
Number of asset objects unloaded after import = 11
========================================================================
Received Import Request.
  Time since last request: 0.000076 seconds.
  path: Assets/polyperfect/Poly Halloween/- Prefabs/Halloween/candy-corn.prefab
  artifactKey: Guid(ea6d0d79c6f9e514c9c7594bbaeac82f) Importer(815301076,1909f56bfc062723c751e8b465ee728b)
Start importing Assets/polyperfect/Poly Halloween/- Prefabs/Halloween/candy-corn.prefab using Guid(ea6d0d79c6f9e514c9c7594bbaeac82f) Importer(815301076,1909f56bfc062723c751e8b465ee728b)  -> (artifact id: 'e3d1d405a25b91949329595796bfaebd') in 0.036897 seconds
Number of updated asset objects reloaded before import = 0
Number of asset objects unloaded after import = 12
========================================================================
Received Import Request.
  Time since last request: 0.000016 seconds.
  path: Assets/polyperfect/Poly Halloween/- Prefabs/Halloween/pumpkin-carved-lit-a.prefab
  artifactKey: Guid(81a373bf062c567419256ed415c47f4b) Importer(815301076,1909f56bfc062723c751e8b465ee728b)
Start importing Assets/polyperfect/Poly Halloween/- Prefabs/Halloween/pumpkin-carved-lit-a.prefab using Guid(81a373bf062c567419256ed415c47f4b) Importer(815301076,1909f56bfc062723c751e8b465ee728b)  -> (artifact id: 'c54377c3118ca63c5f2b70ad58799144') in 0.042155 seconds
Number of updated asset objects reloaded before import = 0
Number of asset objects unloaded after import = 12
========================================================================
Received Import Request.
  Time since last request: 0.000111 seconds.
  path: Assets/polyperfect/Poly Halloween/- Prefabs/Halloween/candle-stick-c-lit.prefab
  artifactKey: Guid(56a8d26a8ddc01547ba373e951dc5960) Importer(815301076,1909f56bfc062723c751e8b465ee728b)
Start importing Assets/polyperfect/Poly Halloween/- Prefabs/Halloween/candle-stick-c-lit.prefab using Guid(56a8d26a8ddc01547ba373e951dc5960) Importer(815301076,1909f56bfc062723c751e8b465ee728b)  -> (artifact id: '00dcf229cb074d3d72184c2cbd57f32e') in 0.031568 seconds
Number of updated asset objects reloaded before import = 0
Number of asset objects unloaded after import = 12
========================================================================
Received Import Request.
  Time since last request: 0.000014 seconds.
  path: Assets/polyperfect/Poly Halloween/- Prefabs/Halloween/hand-severed.prefab
  artifactKey: Guid(7df99659d49e4c946a622409e384e6de) Importer(815301076,1909f56bfc062723c751e8b465ee728b)
Start importing Assets/polyperfect/Poly Halloween/- Prefabs/Halloween/hand-severed.prefab using Guid(7df99659d49e4c946a622409e384e6de) Importer(815301076,1909f56bfc062723c751e8b465ee728b)  -> (artifact id: 'fbe48ef84b92b3626ae23c4a33116b29') in 0.042203 seconds
Number of updated asset objects reloaded before import = 0
Number of asset objects unloaded after import = 12
========================================================================
Received Import Request.
  Time since last request: 0.000014 seconds.
  path: Assets/polyperfect/Poly Halloween/- Prefabs/Halloween/candle-finger-holder-lit.prefab
  artifactKey: Guid(c85864aae28330e49ae362ef6709cfa0) Importer(815301076,1909f56bfc062723c751e8b465ee728b)
Start importing Assets/polyperfect/Poly Halloween/- Prefabs/Halloween/candle-finger-holder-lit.prefab using Guid(c85864aae28330e49ae362ef6709cfa0) Importer(815301076,1909f56bfc062723c751e8b465ee728b)  -> (artifact id: '0be9e6476e3acf728db81e2b1bda204b') in 0.049249 seconds
Number of updated asset objects reloaded before import = 0
Number of asset objects unloaded after import = 12
========================================================================
Received Import Request.
  Time since last request: 0.000027 seconds.
  path: Assets/polyperfect/Poly Halloween/- Prefabs/Halloween/pumpkin-carved-a.prefab
  artifactKey: Guid(94db350adfd5a3d4eb7c62ccad6d22ab) Importer(815301076,1909f56bfc062723c751e8b465ee728b)
Start importing Assets/polyperfect/Poly Halloween/- Prefabs/Halloween/pumpkin-carved-a.prefab using Guid(94db350adfd5a3d4eb7c62ccad6d22ab) Importer(815301076,1909f56bfc062723c751e8b465ee728b)  -> (artifact id: 'eb5e2d650f303d365d42a84ac45f7080') in 0.038938 seconds
Number of updated asset objects reloaded before import = 0
Number of asset objects unloaded after import = 12
========================================================================
Received Import Request.
  Time since last request: 0.000041 seconds.
  path: Assets/polyperfect/Poly Halloween/- Prefabs/Halloween/hole-graveyard.prefab
  artifactKey: Guid(681d246977554b146b68ac0bc80c5289) Importer(815301076,1909f56bfc062723c751e8b465ee728b)
Start importing Assets/polyperfect/Poly Halloween/- Prefabs/Halloween/hole-graveyard.prefab using Guid(681d246977554b146b68ac0bc80c5289) Importer(815301076,1909f56bfc062723c751e8b465ee728b)  -> (artifact id: 'fff8758ddce986c79d2bb77d18bdcf45') in 0.040210 seconds
Number of updated asset objects reloaded before import = 0
Number of asset objects unloaded after import = 18
========================================================================
Received Import Request.
  Time since last request: 0.000021 seconds.
  path: Assets/polyperfect/Poly Halloween/- Prefabs/Halloween/scythe.prefab
  artifactKey: Guid(5d1c6b9606695db4f95ec9b45a56a860) Importer(815301076,1909f56bfc062723c751e8b465ee728b)
Start importing Assets/polyperfect/Poly Halloween/- Prefabs/Halloween/scythe.prefab using Guid(5d1c6b9606695db4f95ec9b45a56a860) Importer(815301076,1909f56bfc062723c751e8b465ee728b)  -> (artifact id: 'dabac8043e81c091ae51eaf85d26a693') in 0.037559 seconds
Number of updated asset objects reloaded before import = 0
Number of asset objects unloaded after import = 12
